{"/home/urazgildin/frontend-project-46/src/gendiff.js": {"path":"/home/urazgildin/frontend-project-46/src/gendiff.js","statementMap":{"0":{"start":{"line":4,"column":24},"end":{"line":35,"column":1}},"1":{"start":{"line":5,"column":15},"end":{"line":5,"column":56}},"2":{"start":{"line":6,"column":15},"end":{"line":6,"column":56}},"3":{"start":{"line":8,"column":15},"end":{"line":8,"column":59}},"4":{"start":{"line":9,"column":21},"end":{"line":9,"column":35}},"5":{"start":{"line":10,"column":19},"end":{"line":10,"column":37}},"6":{"start":{"line":11,"column":20},"end":{"line":11,"column":88}},"7":{"start":{"line":11,"column":54},"end":{"line":11,"column":87}},"8":{"start":{"line":13,"column":22},"end":{"line":30,"column":8}},"9":{"start":{"line":14,"column":4},"end":{"line":20,"column":5}},"10":{"start":{"line":15,"column":6},"end":{"line":19,"column":7}},"11":{"start":{"line":16,"column":8},"end":{"line":16,"column":43}},"12":{"start":{"line":18,"column":8},"end":{"line":18,"column":69}},"13":{"start":{"line":22,"column":4},"end":{"line":28,"column":5}},"14":{"start":{"line":23,"column":6},"end":{"line":27,"column":7}},"15":{"start":{"line":24,"column":8},"end":{"line":24,"column":43}},"16":{"start":{"line":26,"column":8},"end":{"line":26,"column":43}},"17":{"start":{"line":29,"column":4},"end":{"line":29,"column":15}},"18":{"start":{"line":32,"column":25},"end":{"line":32,"column":49}},"19":{"start":{"line":33,"column":2},"end":{"line":33,"column":43}},"20":{"start":{"line":34,"column":2},"end":{"line":34,"column":37}}},"fnMap":{"0":{"name":"(anonymous_0)","decl":{"start":{"line":4,"column":24},"end":{"line":4,"column":25}},"loc":{"start":{"line":4,"column":50},"end":{"line":35,"column":1}},"line":4},"1":{"name":"(anonymous_1)","decl":{"start":{"line":11,"column":38},"end":{"line":11,"column":39}},"loc":{"start":{"line":11,"column":54},"end":{"line":11,"column":87}},"line":11},"2":{"name":"(anonymous_2)","decl":{"start":{"line":13,"column":38},"end":{"line":13,"column":39}},"loc":{"start":{"line":13,"column":52},"end":{"line":30,"column":3}},"line":13}},"branchMap":{"0":{"loc":{"start":{"line":14,"column":4},"end":{"line":20,"column":5}},"type":"if","locations":[{"start":{"line":14,"column":4},"end":{"line":20,"column":5}},{"start":{},"end":{}}],"line":14},"1":{"loc":{"start":{"line":15,"column":6},"end":{"line":19,"column":7}},"type":"if","locations":[{"start":{"line":15,"column":6},"end":{"line":19,"column":7}},{"start":{"line":17,"column":13},"end":{"line":19,"column":7}}],"line":15},"2":{"loc":{"start":{"line":22,"column":4},"end":{"line":28,"column":5}},"type":"if","locations":[{"start":{"line":22,"column":4},"end":{"line":28,"column":5}},{"start":{},"end":{}}],"line":22},"3":{"loc":{"start":{"line":23,"column":6},"end":{"line":27,"column":7}},"type":"if","locations":[{"start":{"line":23,"column":6},"end":{"line":27,"column":7}},{"start":{"line":25,"column":13},"end":{"line":27,"column":7}}],"line":23}},"s":{"0":1,"1":1,"2":1,"3":1,"4":1,"5":1,"6":1,"7":8,"8":1,"9":4,"10":4,"11":4,"12":0,"13":4,"14":0,"15":0,"16":0,"17":4,"18":1,"19":1,"20":1},"f":{"0":1,"1":8,"2":4},"b":{"0":[4,0],"1":[4,0],"2":[0,4],"3":[0,0]},"_coverageSchema":"1a1c01bbd47fc00a2c39e90264f33305004495a9","hash":"6eea0174a6bb3427bb15db78ac8e128b0aa24ba9"}
,"/home/urazgildin/frontend-project-46/src/utils.js": {"path":"/home/urazgildin/frontend-project-46/src/utils.js","statementMap":{"0":{"start":{"line":6,"column":19},"end":{"line":6,"column":49}},"1":{"start":{"line":6,"column":29},"end":{"line":6,"column":49}},"2":{"start":{"line":8,"column":24},"end":{"line":13,"column":1}},"3":{"start":{"line":9,"column":2},"end":{"line":11,"column":3}},"4":{"start":{"line":10,"column":4},"end":{"line":10,"column":32}},"5":{"start":{"line":12,"column":2},"end":{"line":12,"column":14}},"6":{"start":{"line":15,"column":22},"end":{"line":19,"column":1}},"7":{"start":{"line":16,"column":15},"end":{"line":16,"column":41}},"8":{"start":{"line":17,"column":21},"end":{"line":17,"column":37}},"9":{"start":{"line":18,"column":2},"end":{"line":18,"column":20}},"10":{"start":{"line":21,"column":23},"end":{"line":25,"column":1}},"11":{"start":{"line":22,"column":21},"end":{"line":22,"column":51}},"12":{"start":{"line":23,"column":20},"end":{"line":23,"column":39}},"13":{"start":{"line":24,"column":2},"end":{"line":24,"column":57}},"14":{"start":{"line":27,"column":24},"end":{"line":27,"column":91}},"15":{"start":{"line":27,"column":38},"end":{"line":27,"column":91}}},"fnMap":{"0":{"name":"(anonymous_0)","decl":{"start":{"line":6,"column":19},"end":{"line":6,"column":20}},"loc":{"start":{"line":6,"column":29},"end":{"line":6,"column":49}},"line":6},"1":{"name":"(anonymous_1)","decl":{"start":{"line":8,"column":24},"end":{"line":8,"column":25}},"loc":{"start":{"line":8,"column":34},"end":{"line":13,"column":1}},"line":8},"2":{"name":"(anonymous_2)","decl":{"start":{"line":15,"column":22},"end":{"line":15,"column":23}},"loc":{"start":{"line":15,"column":32},"end":{"line":19,"column":1}},"line":15},"3":{"name":"(anonymous_3)","decl":{"start":{"line":21,"column":23},"end":{"line":21,"column":24}},"loc":{"start":{"line":21,"column":37},"end":{"line":25,"column":1}},"line":21},"4":{"name":"(anonymous_4)","decl":{"start":{"line":27,"column":24},"end":{"line":27,"column":25}},"loc":{"start":{"line":27,"column":38},"end":{"line":27,"column":91}},"line":27}},"branchMap":{"0":{"loc":{"start":{"line":9,"column":2},"end":{"line":11,"column":3}},"type":"if","locations":[{"start":{"line":9,"column":2},"end":{"line":11,"column":3}},{"start":{},"end":{}}],"line":9}},"s":{"0":1,"1":2,"2":1,"3":2,"4":2,"5":0,"6":1,"7":2,"8":2,"9":2,"10":1,"11":1,"12":1,"13":1,"14":1,"15":1},"f":{"0":2,"1":2,"2":2,"3":1,"4":1},"b":{"0":[2,0]},"_coverageSchema":"1a1c01bbd47fc00a2c39e90264f33305004495a9","hash":"de2d10162ea32f7a99d3e5c28a6f6bd0be3c0a7c"}
}
