TN:
SF:src/gendiff.js
FN:4,(anonymous_0)
FN:11,(anonymous_1)
FN:13,(anonymous_2)
FNF:3
FNH:3
FNDA:1,(anonymous_0)
FNDA:8,(anonymous_1)
FNDA:4,(anonymous_2)
DA:4,1
DA:5,1
DA:6,1
DA:8,1
DA:9,1
DA:10,1
DA:11,8
DA:13,1
DA:14,4
DA:15,4
DA:16,4
DA:18,0
DA:22,4
DA:23,0
DA:24,0
DA:26,0
DA:29,4
DA:32,1
DA:33,1
DA:34,1
LF:20
LH:16
BRDA:14,0,0,4
BRDA:14,0,1,0
BRDA:15,1,0,4
BRDA:15,1,1,0
BRDA:22,2,0,0
BRDA:22,2,1,4
BRDA:23,3,0,0
BRDA:23,3,1,0
BRF:8
BRH:3
end_of_record
TN:
SF:src/utils.js
FN:6,(anonymous_0)
FN:8,(anonymous_1)
FN:15,(anonymous_2)
FN:21,(anonymous_3)
FN:27,(anonymous_4)
FNF:5
FNH:5
FNDA:2,(anonymous_0)
FNDA:2,(anonymous_1)
FNDA:2,(anonymous_2)
FNDA:1,(anonymous_3)
FNDA:1,(anonymous_4)
DA:6,2
DA:8,1
DA:9,2
DA:10,2
DA:12,0
DA:15,1
DA:16,2
DA:17,2
DA:18,2
DA:21,1
DA:22,1
DA:23,1
DA:24,1
DA:27,1
LF:14
LH:13
BRDA:9,0,0,2
BRDA:9,0,1,0
BRF:2
BRH:1
end_of_record
